<?xml version="1.0" encoding="UTF-8"?>
<!-- Generated by org.testng.reporters.JUnitXMLReporter -->
<testsuite ignored="6" hostname="Desktop-Monitor-1st-Floor-Room3" failures="0" tests="3" name="Test(failed)" time="0.045" errors="0" timestamp="2025-02-02T09:35:43 IST">
  <testcase classname="com.actitime.testscript.CustomerModule" name="createCustomer" time="0.007"/>
  <testcase classname="com.actitime.testscript.UserModule" name="createUser" time="0.001"/>
  <testcase classname="com.actitime.testscript.ProjectModule" name="createProject" time="0.002"/>
  <testcase classname="com.actitime.testscript.ProjectModule" name="modifyProject" time="0.0">
    <ignored/>
  </testcase> <!-- modifyProject -->
  <testcase classname="com.actitime.testscript.UserModule" name="deleteUser" time="0.0">
    <ignored/>
  </testcase> <!-- deleteUser -->
  <testcase classname="com.actitime.testscript.UserModule" name="modifyUser" time="0.0">
    <ignored/>
  </testcase> <!-- modifyUser -->
  <testcase classname="com.actitime.testscript.CustomerModule" name="deleteCustomer" time="0.0">
    <ignored/>
  </testcase> <!-- deleteCustomer -->
  <testcase classname="com.actitime.testscript.CustomerModule" name="modifyCustomer" time="0.0">
    <ignored/>
  </testcase> <!-- modifyCustomer -->
  <testcase classname="com.actitime.testscript.ProjectModule" name="deleteProject" time="0.0">
    <ignored/>
  </testcase> <!-- deleteProject -->
</testsuite> <!-- Test(failed) -->
