<?xml version="1.0" encoding="UTF-8"?>
<!-- Generated by org.testng.reporters.JUnitXMLReporter -->
<testsuite ignored="0" hostname="Desktop-Monitor-1st-Floor-Room3" failures="0" tests="4" name="Default test" time="6.595" errors="0" timestamp="2025-02-09T13:29:38 IST">
  <testcase classname="demoTestNG.LearnDDT" name="demo" time="1.863"/>
  <testcase classname="demoTestNG.LearnDDT" name="demo" time="1.539"/>
  <testcase classname="demoTestNG.LearnDDT" name="demo" time="1.576"/>
  <testcase classname="demoTestNG.LearnDDT" name="demo" time="1.568"/>
</testsuite> <!-- Default test -->
