<?xml version="1.0" encoding="UTF-8"?>
<testng-results ignored="0" total="4" passed="4" failed="0" skipped="0">
  <reporter-output>
  </reporter-output>
  <suite started-at="2025-02-09T13:29:31 IST" name="Default suite" finished-at="2025-02-09T13:29:38 IST" duration-ms="6595">
    <groups>
    </groups>
    <test started-at="2025-02-09T13:29:31 IST" name="Default test" finished-at="2025-02-09T13:29:38 IST" duration-ms="6595">
      <class name="demoTestNG.LearnDDT">
        <test-method signature="demo(java.lang.String,java.lang.String)[pri:0, instance:demoTestNG.LearnDDT@217ed35e]" started-at="2025-02-09T13:29:31 IST" name="demo" data-provider="getData" finished-at="2025-02-09T13:29:33 IST" duration-ms="1863" status="PASS">
          <params>
            <param index="0">
              <value>
                <![CDATA[admin]]>
              </value>
            </param>
            <param index="1">
              <value>
                <![CDATA[manager]]>
              </value>
            </param>
          </params>
          <reporter-output>
          </reporter-output>
        </test-method> <!-- demo -->
        <test-method signature="demo(java.lang.String,java.lang.String)[pri:0, instance:demoTestNG.LearnDDT@217ed35e]" started-at="2025-02-09T13:29:33 IST" name="demo" data-provider="getData" finished-at="2025-02-09T13:29:35 IST" duration-ms="1539" status="PASS">
          <params>
            <param index="0">
              <value>
                <![CDATA[admin1]]>
              </value>
            </param>
            <param index="1">
              <value>
                <![CDATA[manager1]]>
              </value>
            </param>
          </params>
          <reporter-output>
          </reporter-output>
        </test-method> <!-- demo -->
        <test-method signature="demo(java.lang.String,java.lang.String)[pri:0, instance:demoTestNG.LearnDDT@217ed35e]" started-at="2025-02-09T13:29:35 IST" name="demo" data-provider="getData" finished-at="2025-02-09T13:29:36 IST" duration-ms="1576" status="PASS">
          <params>
            <param index="0">
              <value>
                <![CDATA[manager]]>
              </value>
            </param>
            <param index="1">
              <value>
                <![CDATA[admin]]>
              </value>
            </param>
          </params>
          <reporter-output>
          </reporter-output>
        </test-method> <!-- demo -->
        <test-method signature="demo(java.lang.String,java.lang.String)[pri:0, instance:demoTestNG.LearnDDT@217ed35e]" started-at="2025-02-09T13:29:36 IST" name="demo" data-provider="getData" finished-at="2025-02-09T13:29:38 IST" duration-ms="1568" status="PASS">
          <params>
            <param index="0">
              <value>
                <![CDATA[Admin]]>
              </value>
            </param>
            <param index="1">
              <value>
                <![CDATA[Admin1234]]>
              </value>
            </param>
          </params>
          <reporter-output>
          </reporter-output>
        </test-method> <!-- demo -->
      </class> <!-- demoTestNG.LearnDDT -->
    </test> <!-- Default test -->
  </suite> <!-- Default suite -->
</testng-results>
